[2020-03-11 17:09:57,421] multiqc                                            [DEBUG  ]  No MultiQC config found: /opt/miniconda3/lib/python3.7/site-packages/multiqc_config.yaml
[2020-03-11 17:09:57,421] multiqc                                            [DEBUG  ]  No MultiQC config found: /home/labuser/.multiqc_config.yaml
[2020-03-11 17:09:57,422] multiqc                                            [DEBUG  ]  No MultiQC config found: multiqc_config.yaml
[2020-03-11 17:09:57,422] multiqc                                            [DEBUG  ]  Command used: /opt/miniconda3/bin/multiqc ./
[2020-03-11 17:09:58,181] multiqc                                            [DEBUG  ]  Latest MultiQC version is v1.8
[2020-03-11 17:09:58,182] multiqc                                            [INFO   ]  This is MultiQC v1.8
[2020-03-11 17:09:58,182] multiqc                                            [DEBUG  ]  Command     : /opt/miniconda3/bin/multiqc ./
[2020-03-11 17:09:58,182] multiqc                                            [DEBUG  ]  Working dir : /nas/homes/benyang/H4K20me1/fastqc/raw_fastq
[2020-03-11 17:09:58,182] multiqc                                            [INFO   ]  Template    : default
[2020-03-11 17:09:58,182] multiqc                                            [DEBUG  ]  Running Python 3.7.3 | packaged by conda-forge | (default, Mar 27 2019, 23:01:00)  [GCC 7.3.0]
[2020-03-11 17:09:58,182] multiqc                                            [INFO   ]  Searching   : /nas/homes/benyang/H4K20me1/fastqc/raw_fastq
[2020-03-11 17:09:58,183] multiqc                                            [DEBUG  ]  Analysing modules: custom_content, conpair, peddy, methylQA, phantompeakqualtools, qualimap, preseq, quast, qorts, rna_seqc, rsem, rseqc, busco, goleft_indexcov, disambiguate, supernova, deeptools, sargasso, verifybamid, mirtrace, happy, homer, macs2, theta2, snpeff, gatk, htseq, bcftools, featureCounts, fgbio, dedup, damageprofiler, biobambam2, mtnucratio, picard, prokka, samblaster, samtools, sexdeterrmine, bamtools, jellyfish, vcftools, longranger, stacks, bbmap, bismark, biscuit, hicexplorer, hicup, hicpro, salmon, kallisto, slamdunk, star, hisat2, tophat, bowtie2, bowtie1, kat, leehom, adapterRemoval, clipandmerge, cutadapt, flexbar, trimmomatic, skewer, sortmerna, biobloomtools, fastq_screen, afterqc, fastp, fastqc, minionqc, mosdepth, clusterflow, bcl2fastq, interop, flash, seqyclean
[2020-03-11 17:09:58,183] multiqc                                            [DEBUG  ]  Using temporary directory for creating report: /tmp/tmphwzh_6do
[2020-03-11 17:09:58,282] multiqc                                            [DEBUG  ]  Ignoring file as matched an ignore pattern: Old-H4K20me1-1_R1_001_fastqc.html
[2020-03-11 17:09:58,282] multiqc                                            [DEBUG  ]  Ignoring file as matched an ignore pattern: Old-H4K20me1-1_R2_001_fastqc.html
[2020-03-11 17:09:58,283] multiqc                                            [DEBUG  ]  Ignoring file as matched an ignore pattern: Old-H4K20me1-2_R1_001_fastqc.html
[2020-03-11 17:09:58,283] multiqc                                            [DEBUG  ]  Ignoring file as matched an ignore pattern: Old-H4K20me1-2_R2_001_fastqc.html
[2020-03-11 17:09:58,283] multiqc                                            [DEBUG  ]  Ignoring file as matched an ignore pattern: Old-H4K20me1-3_R1_001_fastqc.html
[2020-03-11 17:09:58,284] multiqc                                            [DEBUG  ]  Ignoring file as matched an ignore pattern: Old-H4K20me1-3_R2_001_fastqc.html
[2020-03-11 17:09:58,284] multiqc                                            [DEBUG  ]  Ignoring file as matched an ignore pattern: Young-H4K20me1-1_R1_001_fastqc.html
[2020-03-11 17:09:58,284] multiqc                                            [DEBUG  ]  Ignoring file as matched an ignore pattern: Young-H4K20me1-1_R2_001_fastqc.html
[2020-03-11 17:09:58,285] multiqc                                            [DEBUG  ]  Ignoring file as matched an ignore pattern: Young-H4K20me1-2_R1_001_fastqc.html
[2020-03-11 17:09:58,285] multiqc                                            [DEBUG  ]  Ignoring file as matched an ignore pattern: Young-H4K20me1-2_R2_001_fastqc.html
[2020-03-11 17:09:58,285] multiqc                                            [DEBUG  ]  Ignoring file as matched an ignore pattern: Young-H4K20me1-3_R1_001_fastqc.html
[2020-03-11 17:09:58,285] multiqc                                            [DEBUG  ]  Ignoring file as matched an ignore pattern: Young-H4K20me1-3_R2_001_fastqc.html
[2020-03-11 17:09:58,524] multiqc.plots.bargraph                             [DEBUG  ]  Using matplotlib version 3.0.3
[2020-03-11 17:09:58,525] multiqc.plots.linegraph                            [DEBUG  ]  Using matplotlib version 3.0.3
[2020-03-11 17:09:58,526] multiqc                                            [DEBUG  ]  No samples found: custom_content
[2020-03-11 17:09:58,529] multiqc                                            [DEBUG  ]  No samples found: conpair
[2020-03-11 17:09:58,532] multiqc                                            [DEBUG  ]  No samples found: peddy
[2020-03-11 17:09:58,535] multiqc                                            [DEBUG  ]  No samples found: methylQA
[2020-03-11 17:09:58,538] multiqc                                            [DEBUG  ]  No samples found: phantompeakqualtools
[2020-03-11 17:09:58,541] multiqc                                            [DEBUG  ]  No samples found: qualimap
[2020-03-11 17:09:58,544] multiqc                                            [DEBUG  ]  No samples found: preseq
[2020-03-11 17:09:58,547] multiqc                                            [DEBUG  ]  No samples found: quast
[2020-03-11 17:09:58,550] multiqc                                            [DEBUG  ]  No samples found: qorts
[2020-03-11 17:09:58,553] multiqc                                            [DEBUG  ]  No samples found: rna_seqc
[2020-03-11 17:09:58,556] multiqc                                            [DEBUG  ]  No samples found: rsem
[2020-03-11 17:09:58,562] multiqc                                            [DEBUG  ]  No samples found: rseqc
[2020-03-11 17:09:58,565] multiqc                                            [DEBUG  ]  No samples found: busco
[2020-03-11 17:09:58,568] multiqc                                            [DEBUG  ]  No samples found: goleft_indexcov
[2020-03-11 17:09:58,571] multiqc                                            [DEBUG  ]  No samples found: disambiguate
[2020-03-11 17:09:58,575] multiqc                                            [DEBUG  ]  No samples found: supernova
[2020-03-11 17:09:58,581] multiqc                                            [DEBUG  ]  No samples found: deeptools
[2020-03-11 17:09:58,584] multiqc                                            [DEBUG  ]  No samples found: sargasso
[2020-03-11 17:09:58,587] multiqc                                            [DEBUG  ]  No samples found: verifybamid
[2020-03-11 17:09:58,590] multiqc                                            [DEBUG  ]  No samples found: mirtrace
[2020-03-11 17:09:58,593] multiqc                                            [DEBUG  ]  No samples found: happy
[2020-03-11 17:09:58,597] multiqc                                            [DEBUG  ]  No samples found: homer
[2020-03-11 17:09:58,600] multiqc                                            [DEBUG  ]  No samples found: macs2
[2020-03-11 17:09:58,603] multiqc                                            [DEBUG  ]  No samples found: theta2
[2020-03-11 17:09:58,606] multiqc                                            [DEBUG  ]  No samples found: snpeff
[2020-03-11 17:09:58,610] multiqc                                            [DEBUG  ]  No samples found: gatk
[2020-03-11 17:09:58,613] multiqc                                            [DEBUG  ]  No samples found: htseq
[2020-03-11 17:09:58,616] multiqc                                            [DEBUG  ]  No samples found: bcftools
[2020-03-11 17:09:58,619] multiqc                                            [DEBUG  ]  No samples found: featureCounts
[2020-03-11 17:09:58,622] multiqc                                            [DEBUG  ]  No samples found: fgbio
[2020-03-11 17:09:58,625] multiqc                                            [DEBUG  ]  No samples found: dedup
[2020-03-11 17:09:58,628] multiqc                                            [DEBUG  ]  No samples found: damageprofiler
[2020-03-11 17:09:58,637] multiqc                                            [DEBUG  ]  No samples found: biobambam2
[2020-03-11 17:09:58,641] multiqc                                            [DEBUG  ]  No samples found: mtnucratio
[2020-03-11 17:09:58,644] multiqc                                            [DEBUG  ]  No samples found: picard
[2020-03-11 17:09:58,648] multiqc                                            [DEBUG  ]  No samples found: prokka
[2020-03-11 17:09:58,652] multiqc                                            [DEBUG  ]  No samples found: samblaster
[2020-03-11 17:09:58,657] multiqc                                            [DEBUG  ]  No samples found: samtools
[2020-03-11 17:09:58,660] multiqc                                            [DEBUG  ]  No samples found: sexdeterrmine
[2020-03-11 17:09:58,663] multiqc                                            [DEBUG  ]  No samples found: bamtools
[2020-03-11 17:09:58,666] multiqc                                            [DEBUG  ]  No samples found: jellyfish
[2020-03-11 17:09:58,670] multiqc                                            [DEBUG  ]  No samples found: vcftools
[2020-03-11 17:09:58,673] multiqc                                            [DEBUG  ]  No samples found: longranger
[2020-03-11 17:09:58,676] multiqc                                            [DEBUG  ]  No samples found: stacks
[2020-03-11 17:09:58,682] multiqc                                            [DEBUG  ]  No samples found: bbmap
[2020-03-11 17:09:58,685] multiqc                                            [DEBUG  ]  No samples found: bismark
[2020-03-11 17:09:58,689] multiqc                                            [DEBUG  ]  No samples found: biscuit
[2020-03-11 17:09:58,691] multiqc                                            [DEBUG  ]  No samples found: hicexplorer
[2020-03-11 17:09:58,694] multiqc                                            [DEBUG  ]  No samples found: hicup
[2020-03-11 17:09:58,697] multiqc                                            [DEBUG  ]  No samples found: hicpro
[2020-03-11 17:09:58,700] multiqc                                            [DEBUG  ]  No samples found: salmon
[2020-03-11 17:09:58,703] multiqc                                            [DEBUG  ]  No samples found: kallisto
[2020-03-11 17:09:58,706] multiqc                                            [DEBUG  ]  No samples found: slamdunk
[2020-03-11 17:09:58,709] multiqc                                            [DEBUG  ]  No samples found: star
[2020-03-11 17:09:58,712] multiqc                                            [DEBUG  ]  No samples found: hisat2
[2020-03-11 17:09:58,717] multiqc                                            [DEBUG  ]  No samples found: tophat
[2020-03-11 17:09:58,721] multiqc                                            [DEBUG  ]  No samples found: bowtie2
[2020-03-11 17:09:58,725] multiqc                                            [DEBUG  ]  No samples found: bowtie1
[2020-03-11 17:09:58,728] multiqc                                            [DEBUG  ]  No samples found: kat
[2020-03-11 17:09:58,732] multiqc                                            [DEBUG  ]  No samples found: leehom
[2020-03-11 17:09:58,735] multiqc                                            [DEBUG  ]  No samples found: adapterRemoval
[2020-03-11 17:09:58,738] multiqc                                            [DEBUG  ]  No samples found: clipandmerge
[2020-03-11 17:09:58,742] multiqc                                            [DEBUG  ]  No samples found: cutadapt
[2020-03-11 17:09:58,745] multiqc                                            [DEBUG  ]  No samples found: flexbar
[2020-03-11 17:09:58,748] multiqc                                            [DEBUG  ]  No samples found: trimmomatic
[2020-03-11 17:09:58,751] multiqc                                            [DEBUG  ]  No samples found: skewer
[2020-03-11 17:09:58,754] multiqc                                            [DEBUG  ]  No samples found: sortmerna
[2020-03-11 17:09:58,758] multiqc                                            [DEBUG  ]  No samples found: biobloomtools
[2020-03-11 17:09:58,761] multiqc                                            [DEBUG  ]  No samples found: fastq_screen
[2020-03-11 17:09:58,764] multiqc                                            [DEBUG  ]  No samples found: afterqc
[2020-03-11 17:09:58,768] multiqc                                            [DEBUG  ]  No samples found: fastp
[2020-03-11 17:09:58,964] multiqc.modules.fastqc.fastqc                      [INFO   ]  Found 12 reports
[2020-03-11 17:09:59,238] multiqc                                            [DEBUG  ]  No samples found: minionqc
[2020-03-11 17:09:59,241] multiqc                                            [DEBUG  ]  No samples found: mosdepth
[2020-03-11 17:09:59,244] multiqc                                            [DEBUG  ]  No samples found: clusterflow
[2020-03-11 17:09:59,247] multiqc                                            [DEBUG  ]  No samples found: bcl2fastq
[2020-03-11 17:09:59,249] multiqc                                            [DEBUG  ]  No samples found: interop
[2020-03-11 17:09:59,252] multiqc                                            [DEBUG  ]  No samples found: flash
[2020-03-11 17:09:59,255] multiqc                                            [DEBUG  ]  No samples found: seqyclean
[2020-03-11 17:09:59,271] multiqc                                            [INFO   ]  Compressing plot data
[2020-03-11 17:09:59,452] multiqc                                            [INFO   ]  Report      : multiqc_report.html
[2020-03-11 17:09:59,453] multiqc                                            [INFO   ]  Data        : multiqc_data
[2020-03-11 17:09:59,453] multiqc                                            [DEBUG  ]  Moving data file from '/tmp/tmphwzh_6do/multiqc_data/multiqc_data.json' to '/nas/homes/benyang/H4K20me1/fastqc/raw_fastq/multiqc_data'
[2020-03-11 17:09:59,464] multiqc                                            [DEBUG  ]  Moving data file from '/tmp/tmphwzh_6do/multiqc_data/multiqc_qualimap_bamqc_genome_results.txt' to '/nas/homes/benyang/H4K20me1/fastqc/raw_fastq/multiqc_data'
[2020-03-11 17:09:59,466] multiqc                                            [DEBUG  ]  Moving data file from '/tmp/tmphwzh_6do/multiqc_data/multiqc_fastqc.txt' to '/nas/homes/benyang/H4K20me1/fastqc/raw_fastq/multiqc_data'
[2020-03-11 17:09:59,468] multiqc                                            [DEBUG  ]  Moving data file from '/tmp/tmphwzh_6do/multiqc_data/multiqc_general_stats.txt' to '/nas/homes/benyang/H4K20me1/fastqc/raw_fastq/multiqc_data'
[2020-03-11 17:09:59,470] multiqc                                            [DEBUG  ]  Moving data file from '/tmp/tmphwzh_6do/multiqc_data/multiqc_sources.txt' to '/nas/homes/benyang/H4K20me1/fastqc/raw_fastq/multiqc_data'
[2020-03-11 17:09:59,578] multiqc                                            [INFO   ]  MultiQC complete
